<?xml version="1.0" encoding="UTF-8"?>
<!-- Generated by org.testng.reporters.JUnitXMLReporter -->
<testsuite ignored="0" hostname="DESKTOP-QSM3Q2F" failures="2" tests="13" name="Peets staging Automation" time="340.081" errors="0" timestamp="2020-10-15T17:40:36 IST">
  <testcase classname="com.qa.testcases.LoginPageTest" name="loginpagetitletest" time="0.044"/>
  <testcase classname="com.qa.testcases.LoginPageTest" name="crmlogotest" time="0.08"/>
  <testcase classname="com.qa.testcases.LoginPageTest" name="createaccountcheck" time="17.855"/>
  <testcase classname="com.qa.testcases.LoginPageTest" name="logintest" time="5.683"/>
  <testcase classname="com.qa.testcases.Homepagetest" name="coffeelinktest" time="0.538"/>
  <testcase classname="com.qa.testcases.Homepagetest" name="Hoveronsubscriptionsheaderlinkclick" time="8.947"/>
  <testcase classname="com.qa.testcases.Homepagetest" name="bestsllerlinkvalidation" time="3.251"/>
  <testcase classname="com.qa.testcases.Homepagetest" name="validatecoffeelinks" time="0.753"/>
  <testcase classname="com.qa.testcases.Homepagetest" name="validatetealinks" time="2.118">
    <failure type="org.openqa.selenium.InvalidSelectorException" message="invalid selector: Unable to locate an element with the xpath expression //a[@class=&amp;apos;nav__link&amp;apos; and contains(text(),&amp;apos;Pu&amp;apos;er&amp;apos;) and ancestor::li[@class=&amp;apos;nav__column-item&amp;apos;]] because of the following error:
SyntaxError: Failed to execute &amp;apos;evaluate&amp;apos; on &amp;apos;Document&amp;apos;: The string &amp;apos;//a[@class=&amp;apos;nav__link&amp;apos; and contains(text(),&amp;apos;Pu&amp;apos;er&amp;apos;) and ancestor::li[@class=&amp;apos;nav__column-item&amp;apos;]]&amp;apos; is not a valid XPath expression.
  (Session info: chrome=86.0.4240.75)
For documentation on this error, please visit: http://seleniumhq.org/exceptions/invalid_selector_exception.html
Build info: version: &amp;apos;3.14.0&amp;apos;, revision: &amp;apos;aacccce0&amp;apos;, time: &amp;apos;2018-08-02T20:19:58.91Z&amp;apos;
System info: host: &amp;apos;DESKTOP-QSM3Q2F&amp;apos;, ip: &amp;apos;192.168.43.129&amp;apos;, os.name: &amp;apos;Windows 10&amp;apos;, os.arch: &amp;apos;amd64&amp;apos;, os.version: &amp;apos;10.0&amp;apos;, java.version: &amp;apos;14&amp;apos;
Driver info: org.openqa.selenium.chrome.ChromeDriver
Capabilities {acceptInsecureCerts: false, browserName: chrome, browserVersion: 86.0.4240.75, chrome: {chromedriverVersion: 85.0.4183.87 (cd6713ebf92fa..., userDataDir: C:\Users\THIMME~1\AppData\L...}, goog:chromeOptions: {debuggerAddress: localhost:57677}, javascriptEnabled: true, networkConnectionEnabled: false, pageLoadStrategy: normal, platform: WINDOWS, platformName: WINDOWS, proxy: Proxy(), setWindowRect: true, strictFileInteractability: false, timeouts: {implicit: 0, pageLoad: 300000, script: 30000}, unhandledPromptBehavior: dismiss and notify, webauthn:virtualAuthenticators: true}
Session ID: 06dc0986815db2da5c9f67591a0da5b0
*** Element info: {Using=xpath, value=//a[@class=&amp;apos;nav__link&amp;apos; and contains(text(),&amp;apos;Pu&amp;apos;er&amp;apos;) and ancestor::li[@class=&amp;apos;nav__column-item&amp;apos;]]}">
      <![CDATA[org.openqa.selenium.InvalidSelectorException: invalid selector: Unable to locate an element with the xpath expression //a[@class='nav__link' and contains(text(),'Pu'er') and ancestor::li[@class='nav__column-item']] because of the following error:
SyntaxError: Failed to execute 'evaluate' on 'Document': The string '//a[@class='nav__link' and contains(text(),'Pu'er') and ancestor::li[@class='nav__column-item']]' is not a valid XPath expression.
  (Session info: chrome=86.0.4240.75)
For documentation on this error, please visit: http://seleniumhq.org/exceptions/invalid_selector_exception.html
Build info: version: '3.14.0', revision: 'aacccce0', time: '2018-08-02T20:19:58.91Z'
System info: host: 'DESKTOP-QSM3Q2F', ip: '192.168.43.129', os.name: 'Windows 10', os.arch: 'amd64', os.version: '10.0', java.version: '14'
Driver info: org.openqa.selenium.chrome.ChromeDriver
Capabilities {acceptInsecureCerts: false, browserName: chrome, browserVersion: 86.0.4240.75, chrome: {chromedriverVersion: 85.0.4183.87 (cd6713ebf92fa..., userDataDir: C:\Users\THIMME~1\AppData\L...}, goog:chromeOptions: {debuggerAddress: localhost:57677}, javascriptEnabled: true, networkConnectionEnabled: false, pageLoadStrategy: normal, platform: WINDOWS, platformName: WINDOWS, proxy: Proxy(), setWindowRect: true, strictFileInteractability: false, timeouts: {implicit: 0, pageLoad: 300000, script: 30000}, unhandledPromptBehavior: dismiss and notify, webauthn:virtualAuthenticators: true}
Session ID: 06dc0986815db2da5c9f67591a0da5b0
*** Element info: {Using=xpath, value=//a[@class='nav__link' and contains(text(),'Pu'er') and ancestor::li[@class='nav__column-item']]}
at org.openqa.selenium.remote.http.W3CHttpResponseCodec.createException(W3CHttpResponseCodec.java:187)
at org.openqa.selenium.remote.http.W3CHttpResponseCodec.decode(W3CHttpResponseCodec.java:122)
at org.openqa.selenium.remote.http.W3CHttpResponseCodec.decode(W3CHttpResponseCodec.java:49)
at org.openqa.selenium.remote.HttpCommandExecutor.execute(HttpCommandExecutor.java:158)
at org.openqa.selenium.remote.service.DriverCommandExecutor.execute(DriverCommandExecutor.java:83)
at org.openqa.selenium.remote.RemoteWebDriver.execute(RemoteWebDriver.java:548)
at org.openqa.selenium.remote.RemoteWebDriver.findElement(RemoteWebDriver.java:322)
at org.openqa.selenium.remote.RemoteWebDriver.findElementByXPath(RemoteWebDriver.java:424)
at org.openqa.selenium.By$ByXPath.findElement(By.java:353)
at org.openqa.selenium.remote.RemoteWebDriver.findElement(RemoteWebDriver.java:314)
at org.openqa.selenium.support.events.EventFiringWebDriver.lambda$new$1(EventFiringWebDriver.java:105)
at com.sun.proxy.$Proxy10.findElement(Unknown Source)
at org.openqa.selenium.support.events.EventFiringWebDriver.findElement(EventFiringWebDriver.java:194)
at org.openqa.selenium.support.pagefactory.DefaultElementLocator.findElement(DefaultElementLocator.java:69)
at org.openqa.selenium.support.pagefactory.internal.LocatingElementHandler.invoke(LocatingElementHandler.java:38)
at com.sun.proxy.$Proxy14.isDisplayed(Unknown Source)
at com.crm.qa.pages.Homepage.verifytea_links_present(Homepage.java:199)
at com.qa.testcases.Homepagetest.validatetealinks(Homepagetest.java:53)
at java.base/java.util.ArrayList.forEach(ArrayList.java:1510)
... Removed 35 stack frames]]>
    </failure>
  </testcase> <!-- validatetealinks -->
  <testcase classname="com.qa.testcases.Homepagetest" name="validatevisituslinks" time="0.169"/>
  <testcase classname="com.qa.testcases.Homepagetest" name="validatelearnmorelinks" time="0.15"/>
  <testcase classname="com.qa.testcases.seachpagetest" name="existingusercheckoutvalidation" time="87.853">
    <failure type="java.lang.NullPointerException">
      <![CDATA[java.lang.NullPointerException
at org.openqa.selenium.support.events.EventFiringWebDriver.extractInterfaces(EventFiringWebDriver.java:120)
at org.openqa.selenium.support.events.EventFiringWebDriver.access$300(EventFiringWebDriver.java:69)
at org.openqa.selenium.support.events.EventFiringWebDriver$EventFiringWebElement.<init>(EventFiringWebDriver.java:397)
at org.openqa.selenium.support.events.EventFiringWebDriver$EventFiringWebElement.<init>(EventFiringWebDriver.java:389)
at org.openqa.selenium.support.events.EventFiringWebDriver.createWebElement(EventFiringWebDriver.java:327)
at org.openqa.selenium.support.events.EventFiringWebDriver.findElement(EventFiringWebDriver.java:196)
at com.crm.qa.pages.Searchpage.registerusercheckout(Searchpage.java:217)
at com.qa.testcases.seachpagetest.existingusercheckoutvalidation(seachpagetest.java:35)
at java.base/java.util.ArrayList.forEach(ArrayList.java:1510)
... Removed 27 stack frames]]>
    </failure>
  </testcase> <!-- existingusercheckoutvalidation -->
  <testcase classname="com.qa.testcases.seachpagetest" name="guestcheckoutvalidation" time="56.236"/>
</testsuite> <!-- Peets staging Automation -->
